[35m[Appium][39m Available drivers:
[35m[Appium][39m   - uiautomator2@2.7.0 (automationName 'UiAutomator2')
[35m[Appium][39m   - flutter@1.7.2 (automationName 'Flutter')
[35m[Appium][39m No plugins have been installed. Use the "appium plugin" command to install the one(s) you want to use.
[35m[HTTP][39m [37m-->[39m [37mPOST[39m [37m/session[39m
[35m[HTTP][39m [90m{"capabilities":{"alwaysMatch":{"platformName":"Android","appium:autoGrantPermissions":"true","appium:deviceName":"26719008c51c7ece","appium:platformVersion":"10","appium:orientation":"PORTRAIT","appium:automationName":"Flutter","appium:app":"/home/zeufack/programing/javascript/tello-automation/assets/app/app-debug.apk","appium:appActivity":"com.bazzptt.bazz_flutter.MainActivity","appium:appPackage":"com.bazzptt.bazz_flutter","appium:newCommandTimeout":240},"firstMatch":[{}]},"desiredCapabilities":{"platformName":"Android","appium:autoGrantPermissions":"true","appium:deviceName":"26719008c51c7ece","appium:platformVersion":"10","appium:orientation":"PORTRAIT","appium:automationName":"Flutter","appium:app":"/home/zeufack/programing/javascript/tello-automation/assets/app/app-debug.apk","appium:appActivity":"com.bazzptt.bazz_flutter.MainActivity","appium:appPackage":"com.bazzptt.bazz_flutter","appium:newCommandTimeout":240}}[39m
[debug] [35m[AppiumDriver@04ec][39m Calling AppiumDriver.createSession() with args: [{"platformName":"Android","appium:autoGrantPermissions":"true","appium:deviceName":"26719008c51c7ece","appium:platformVersion":"10","appium:orientation":"PORTRAIT","appium:automationName":"Flutter","appium:app":"/home/zeufack/programing/javascript/tello-automation/assets/app/app-debug.apk","appium:appActivity":"com.bazzptt.bazz_flutter.MainActivity","appium:appPackage":"com.bazzptt.bazz_flutter","appium:newCommandTimeout":240},null,{"alwaysMatch":{"platformName":"Android","appium:autoGrantPermissions":"true","appium:deviceName":"26719008c51c7ece","appium:platformVersion":"10","appium:orientation":"PORTRAIT","appium:automationName":"Flutter","appium:app":"/home/zeufack/programing/javascript/tello-automation/assets/app/app-debug.apk","appium:appActivity":"com.bazzptt.bazz_flutter.MainActivity","appium:appPackage":"com.bazzptt.bazz_flutter","appium:newCommandTimeout":240},"firstMatch":[{}]}]
[debug] [35m[AppiumDriver@04ec][39m Event 'newSessionRequested' logged at 1665561397088 (09:56:37 GMT+0200 (Central European Summer Time))
[35m[Appium][39m Attempting to find matching driver for automationName 'Flutter' and platformName 'Android'
[35m[Appium][39m The 'flutter' driver was installed and matched caps.
[35m[Appium][39m Will require it at /home/zeufack/.appium/node_modules/appium-flutter-driver
[debug] [35m[Appium][39m Requiring driver at /home/zeufack/.appium/node_modules/appium-flutter-driver
[35m[AppiumDriver@04ec][39m Appium v2.0.0-beta.44 creating new FlutterDriver (v1.7.2) session
[35m[AppiumDriver@04ec][39m Checking BaseDriver versions for Appium and FlutterDriver
[35m[AppiumDriver@04ec][39m Appium's BaseDriver version is 8.7.1
[35m[AppiumDriver@04ec][39m FlutterDriver's BaseDriver version is 8.7.1
[debug] [35m[FlutterDriver@1bcc][39m Creating session with W3C capabilities: {
[debug] [35m[FlutterDriver@1bcc][39m   "alwaysMatch": {
[debug] [35m[FlutterDriver@1bcc][39m     "platformName": "Android",
[debug] [35m[FlutterDriver@1bcc][39m     "appium:autoGrantPermissions": "true",
[debug] [35m[FlutterDriver@1bcc][39m     "appium:deviceName": "26719008c51c7ece",
[debug] [35m[FlutterDriver@1bcc][39m     "appium:platformVersion": "10",
[debug] [35m[FlutterDriver@1bcc][39m     "appium:orientation": "PORTRAIT",
[debug] [35m[FlutterDriver@1bcc][39m     "appium:automationName": "Flutter",
[debug] [35m[FlutterDriver@1bcc][39m     "appium:app": "/home/zeufack/programing/javascript/tello-automation/assets/app/app-debug.apk",
[debug] [35m[FlutterDriver@1bcc][39m     "appium:appActivity": "com.bazzptt.bazz_flutter.MainActivity",
[debug] [35m[FlutterDriver@1bcc][39m     "appium:appPackage": "com.bazzptt.bazz_flutter",
[debug] [35m[FlutterDriver@1bcc][39m     "appium:newCommandTimeout": 240
[debug] [35m[FlutterDriver@1bcc][39m   },
[debug] [35m[FlutterDriver@1bcc][39m   "firstMatch": [
[debug] [35m[FlutterDriver@1bcc][39m     {}
[debug] [35m[FlutterDriver@1bcc][39m   ]
[debug] [35m[FlutterDriver@1bcc][39m }
[35m[FlutterDriver@1bcc][39m The following capabilities were provided, but are not recognized by Appium:
[35m[FlutterDriver@1bcc][39m   autoGrantPermissions
[35m[FlutterDriver@1bcc][39m   app
[35m[FlutterDriver@1bcc][39m   appActivity
[35m[FlutterDriver@1bcc][39m   appPackage
[35m[FlutterDriver@1bcc (a376a288)][39m Session created with session id: a376a288-4c08-40e0-a4e1-262c4116ddca
[35m[FlutterDriver][39m Starting an Android proxy session
[debug] [35m[AndroidUiautomator2Driver@9368][39m Creating session with W3C capabilities: {
[debug] [35m[AndroidUiautomator2Driver@9368][39m   "alwaysMatch": {
[debug] [35m[AndroidUiautomator2Driver@9368][39m     "platformName": "Android",
[debug] [35m[AndroidUiautomator2Driver@9368][39m     "appium:autoGrantPermissions": "true",
[debug] [35m[AndroidUiautomator2Driver@9368][39m     "appium:deviceName": "26719008c51c7ece",
[debug] [35m[AndroidUiautomator2Driver@9368][39m     "appium:platformVersion": "10",
[debug] [35m[AndroidUiautomator2Driver@9368][39m     "appium:orientation": "PORTRAIT",
[debug] [35m[AndroidUiautomator2Driver@9368][39m     "appium:automationName": "Flutter",
[debug] [35m[AndroidUiautomator2Driver@9368][39m     "appium:app": "/home/zeufack/programing/javascript/tello-automation/assets/app/app-debug.apk",
[debug] [35m[AndroidUiautomator2Driver@9368][39m     "appium:appActivity": "com.bazzptt.bazz_flutter.MainActivity",
[debug] [35m[AndroidUiautomator2Driver@9368][39m     "appium:appPackage": "com.bazzptt.bazz_flutter",
[debug] [35m[AndroidUiautomator2Driver@9368][39m     "appium:newCommandTimeout": 240
[debug] [35m[AndroidUiautomator2Driver@9368][39m   },
[debug] [35m[AndroidUiautomator2Driver@9368][39m   "firstMatch": [
[debug] [35m[AndroidUiautomator2Driver@9368][39m     {}
[debug] [35m[AndroidUiautomator2Driver@9368][39m   ]
[debug] [35m[AndroidUiautomator2Driver@9368][39m }
[35m[AndroidUiautomator2Driver@9368][39m Capability 'autoGrantPermissions' changed from string to boolean. This may cause unexpected behavior
[35m[AndroidUiautomator2Driver@9368 (4e25503b)][39m Session created with session id: 4e25503b-90ef-49fb-ab4e-7384ae8984df
[35m[BaseDriver][39m Using local app '/home/zeufack/programing/javascript/tello-automation/assets/app/app-debug.apk'
[debug] [35m[AndroidUiautomator2Driver@9368 (4e25503b)][39m Checking whether app is actually present
[35m[ADB][39m Found 4 'build-tools' folders under '/home/zeufack/Android/Sdk' (newest first):
[35m[ADB][39m     /home/zeufack/Android/Sdk/build-tools/32.1.0-rc1
[35m[ADB][39m     /home/zeufack/Android/Sdk/build-tools/32.0.0
[35m[ADB][39m     /home/zeufack/Android/Sdk/build-tools/30.0.3
[35m[ADB][39m     /home/zeufack/Android/Sdk/build-tools/29.0.2
[35m[ADB][39m Using 'adb' from '/home/zeufack/Android/Sdk/platform-tools/adb'
[debug] [35m[ADB][39m Running '/home/zeufack/Android/Sdk/platform-tools/adb -P 5037 start-server'
[35m[AndroidDriver][39m Retrieving device list
[debug] [35m[ADB][39m Trying to find a connected android device
[debug] [35m[ADB][39m Getting connected devices
[debug] [35m[ADB][39m Connected devices: [{"udid":"26719008c51c7ece","state":"device"}]
[35m[AndroidDriver][39m Looking for a device with Android '10.0.0'
[debug] [35m[ADB][39m Setting device id to 26719008c51c7ece
[35m[ADB][39m Getting device platform version
[debug] [35m[ADB][39m Running '/home/zeufack/Android/Sdk/platform-tools/adb -P 5037 -s 26719008c51c7ece shell getprop ro.build.version.release'
[debug] [35m[ADB][39m Current device property 'ro.build.version.release': 10
[35m[AndroidDriver][39m Using device: 26719008c51c7ece
[35m[ADB][39m Using 'adb' from '/home/zeufack/Android/Sdk/platform-tools/adb'
[debug] [35m[ADB][39m Running '/home/zeufack/Android/Sdk/platform-tools/adb -P 5037 start-server'
[debug] [35m[ADB][39m Setting device id to 26719008c51c7ece
[debug] [35m[ADB][39m Running '/home/zeufack/Android/Sdk/platform-tools/adb -P 5037 -s 26719008c51c7ece shell getprop ro.build.version.sdk'
[debug] [35m[ADB][39m Current device property 'ro.build.version.sdk': 29
[35m[ADB][39m Getting device platform version
[debug] [35m[ADB][39m Running '/home/zeufack/Android/Sdk/platform-tools/adb -P 5037 -s 26719008c51c7ece shell getprop ro.build.version.release'
[debug] [35m[ADB][39m Current device property 'ro.build.version.release': 10
[debug] [35m[ADB][39m Device API level: 29
[35m[AndroidUiautomator2Driver@9368 (4e25503b)][39m Relaxing hidden api policy
[debug] [35m[ADB][39m Running '/home/zeufack/Android/Sdk/platform-tools/adb -P 5037 -s 26719008c51c7ece shell 'settings put global hidden_api_policy_pre_p_apps 1;settings put global hidden_api_policy_p_apps 1;settings put global hidden_api_policy 1''
[debug] [35m[ADB][39m Running '/home/zeufack/Android/Sdk/platform-tools/adb -P 5037 -s 26719008c51c7ece wait-for-device'
[debug] [35m[ADB][39m Running '/home/zeufack/Android/Sdk/platform-tools/adb -P 5037 -s 26719008c51c7ece shell echo ping'
[debug] [35m[AndroidDriver][39m Pushing settings apk to device...
[debug] [35m[ADB][39m Getting install status for io.appium.settings
[debug] [35m[ADB][39m Running '/home/zeufack/Android/Sdk/platform-tools/adb -P 5037 -s 26719008c51c7ece shell dumpsys package io.appium.settings'
[debug] [35m[ADB][39m 'io.appium.settings' is installed
[debug] [35m[ADB][39m Getting package info for 'io.appium.settings'
[debug] [35m[ADB][39m Running '/home/zeufack/Android/Sdk/platform-tools/adb -P 5037 -s 26719008c51c7ece shell dumpsys package io.appium.settings'
[debug] [35m[ADB][39m The version name of the installed 'io.appium.settings' is greater or equal to the application version name ('4.2.1' >= '4.2.1')
[debug] [35m[ADB][39m There is no need to install/upgrade '/home/zeufack/.appium/node_modules/appium-flutter-driver/node_modules/appium-uiautomator2-driver/node_modules/io.appium.settings/apks/settings_apk-debug.apk'
[debug] [35m[ADB][39m Getting IDs of all 'io.appium.settings' processes
[debug] [35m[ADB][39m Running '/home/zeufack/Android/Sdk/platform-tools/adb -P 5037 -s 26719008c51c7ece shell 'pgrep --help; echo $?''
[debug] [35m[ADB][39m Running '/home/zeufack/Android/Sdk/platform-tools/adb -P 5037 -s 26719008c51c7ece shell pgrep -f \(\[\[:blank:\]\]\|\^\)io\.appium\.settings\(\[\[:blank:\]\]\|\$\)'
[debug] [35m[AndroidDriver][39m io.appium.settings is already running. There is no need to reset its permissions.
[debug] [35m[ADB][39m Running '/home/zeufack/Android/Sdk/platform-tools/adb -P 5037 -s 26719008c51c7ece shell appops set io.appium.settings android:mock_location allow'
[debug] [35m[ADB][39m Running '/home/zeufack/Android/Sdk/platform-tools/adb -P 5037 -s 26719008c51c7ece shell "[ -e '/data/local/tmp/mock_apps.json' ] && echo __PASS__"'
[35m[AndroidDriver][39m Unable to persist mock location app id 'io.appium.settings': adb.pushFile is not a function
[debug] [35m[Logcat][39m Starting logs capture with command: /home/zeufack/Android/Sdk/platform-tools/adb -P 5037 -s 26719008c51c7ece logcat -v threadtime
[debug] [35m[AndroidUiautomator2Driver@9368 (4e25503b)][39m Forwarding UiAutomator2 Server port 6790 to local port 8200
[debug] [35m[ADB][39m Forwarding system: 8200 to device: 6790
[debug] [35m[ADB][39m Running '/home/zeufack/Android/Sdk/platform-tools/adb -P 5037 -s 26719008c51c7ece forward tcp:8200 tcp:6790'
[debug] [35m[ADB][39m Getting install status for io.appium.uiautomator2.server
[debug] [35m[ADB][39m Running '/home/zeufack/Android/Sdk/platform-tools/adb -P 5037 -s 26719008c51c7ece shell dumpsys package io.appium.uiautomator2.server'
[debug] [35m[ADB][39m 'io.appium.uiautomator2.server' is installed
[debug] [35m[ADB][39m Getting package info for 'io.appium.uiautomator2.server'
[debug] [35m[ADB][39m Running '/home/zeufack/Android/Sdk/platform-tools/adb -P 5037 -s 26719008c51c7ece shell dumpsys package io.appium.uiautomator2.server'
[debug] [35m[ADB][39m The version name of the installed 'io.appium.uiautomator2.server' is greater or equal to the application version name ('5.7.0' >= '5.7.0')
[debug] [35m[AndroidUiautomator2Driver@9368 (4e25503b)][39m io.appium.uiautomator2.server installation state: sameVersionInstalled
[debug] [35m[ADB][39m Checking app cert for /home/zeufack/.appium/node_modules/appium-flutter-driver/node_modules/appium-uiautomator2-driver/node_modules/appium-uiautomator2-server/apks/appium-uiautomator2-server-v5.7.0.apk
[35m[ADB][39m Using 'apksigner.jar' from '/home/zeufack/Android/Sdk/build-tools/32.1.0-rc1/lib/apksigner.jar'
[debug] [35m[ADB][39m Starting apksigner: /usr/lib/jvm/jdk-17/bin/java -Xmx1024M -Xss1m -jar /home/zeufack/Android/Sdk/build-tools/32.1.0-rc1/lib/apksigner.jar verify --print-certs /home/zeufack/.appium/node_modules/appium-flutter-driver/node_modules/appium-uiautomator2-driver/node_modules/appium-uiautomator2-server/apks/appium-uiautomator2-server-v5.7.0.apk
[debug] [35m[ADB][39m apksigner stdout: Signer #1 certificate DN: EMAILADDRESS=android@android.com, CN=Android, OU=Android, O=Android, L=Mountain View, ST=California, C=US
[debug] [35m[ADB][39m Signer #1 certificate SHA-256 digest: a40da80a59d170caa950cf15c18c454d47a39b26989d8b640ecd745ba71bf5dc
[debug] [35m[ADB][39m Signer #1 certificate SHA-1 digest: 61ed377e85d386a8dfee6b864bd85b0bfaa5af81
[debug] [35m[ADB][39m Signer #1 certificate MD5 digest: e89b158e4bcf988ebd09eb83f5378e87
[debug] [35m[ADB][39m 
[debug] [35m[ADB][39m sha256 hash did match for 'appium-uiautomator2-server-v5.7.0.apk'
[35m[ADB][39m '/home/zeufack/.appium/node_modules/appium-flutter-driver/node_modules/appium-uiautomator2-driver/node_modules/appium-uiautomator2-server/apks/appium-uiautomator2-server-v5.7.0.apk' is signed with the default certificate
[debug] [35m[ADB][39m Getting install status for io.appium.uiautomator2.server.test
[debug] [35m[ADB][39m Running '/home/zeufack/Android/Sdk/platform-tools/adb -P 5037 -s 26719008c51c7ece shell dumpsys package io.appium.uiautomator2.server.test'
[debug] [35m[ADB][39m 'io.appium.uiautomator2.server.test' is installed
[debug] [35m[ADB][39m Checking app cert for /home/zeufack/.appium/node_modules/appium-flutter-driver/node_modules/appium-uiautomator2-driver/node_modules/appium-uiautomator2-server/apks/appium-uiautomator2-server-debug-androidTest.apk
[debug] [35m[ADB][39m Starting apksigner: /usr/lib/jvm/jdk-17/bin/java -Xmx1024M -Xss1m -jar /home/zeufack/Android/Sdk/build-tools/32.1.0-rc1/lib/apksigner.jar verify --print-certs /home/zeufack/.appium/node_modules/appium-flutter-driver/node_modules/appium-uiautomator2-driver/node_modules/appium-uiautomator2-server/apks/appium-uiautomator2-server-debug-androidTest.apk
[debug] [35m[ADB][39m apksigner stdout: Signer #1 certificate DN: EMAILADDRESS=android@android.com, CN=Android, OU=Android, O=Android, L=Mountain View, ST=California, C=US
[debug] [35m[ADB][39m Signer #1 certificate SHA-256 digest: a40da80a59d170caa950cf15c18c454d47a39b26989d8b640ecd745ba71bf5dc
[debug] [35m[ADB][39m Signer #1 certificate SHA-1 digest: 61ed377e85d386a8dfee6b864bd85b0bfaa5af81
[debug] [35m[ADB][39m Signer #1 certificate MD5 digest: e89b158e4bcf988ebd09eb83f5378e87
[debug] [35m[ADB][39m 
[debug] [35m[ADB][39m sha256 hash did match for 'appium-uiautomator2-server-debug-androidTest.apk'
[35m[ADB][39m '/home/zeufack/.appium/node_modules/appium-flutter-driver/node_modules/appium-uiautomator2-driver/node_modules/appium-uiautomator2-server/apks/appium-uiautomator2-server-debug-androidTest.apk' is signed with the default certificate
[35m[AndroidUiautomator2Driver@9368 (4e25503b)][39m Server packages are not going to be (re)installed
[debug] [35m[AndroidUiautomator2Driver@9368 (4e25503b)][39m Waiting up to 30000ms for services to be available
[debug] [35m[ADB][39m Running '/home/zeufack/Android/Sdk/platform-tools/adb -P 5037 -s 26719008c51c7ece shell pm list instrumentation'
[debug] [35m[AndroidUiautomator2Driver@9368 (4e25503b)][39m Instrumentation target 'io.appium.uiautomator2.server.test/androidx.test.runner.AndroidJUnitRunner' is available
[35m[ADB][39m Adding packages ["io.appium.settings","io.appium.uiautomator2.server","io.appium.uiautomator2.server.test"] to Doze whitelist
[debug] [35m[ADB][39m Got the following command chunks to execute: [["dumpsys","deviceidle","whitelist","+io.appium.settings",";","dumpsys","deviceidle","whitelist","+io.appium.uiautomator2.server",";","dumpsys","deviceidle","whitelist","+io.appium.uiautomator2.server.test",";"]]
[debug] [35m[ADB][39m Running '/home/zeufack/Android/Sdk/platform-tools/adb -P 5037 -s 26719008c51c7ece shell dumpsys deviceidle whitelist +io.appium.settings ; dumpsys deviceidle whitelist +io.appium.uiautomator2.server ; dumpsys deviceidle whitelist +io.appium.uiautomator2.server.test ;'
[debug] [35m[ADB][39m Checking app cert for /home/zeufack/programing/javascript/tello-automation/assets/app/app-debug.apk
[debug] [35m[ADB][39m Starting apksigner: /usr/lib/jvm/jdk-17/bin/java -Xmx1024M -Xss1m -jar /home/zeufack/Android/Sdk/build-tools/32.1.0-rc1/lib/apksigner.jar verify --print-certs /home/zeufack/programing/javascript/tello-automation/assets/app/app-debug.apk
[debug] [35m[ADB][39m apksigner stdout: Signer #1 certificate DN: C=US, O=Android, CN=Android Debug
[debug] [35m[ADB][39m Signer #1 certificate SHA-256 digest: 8839ff11acf125d7bdafb53828241ef5ffe9ccfb899cc545c5f19573a43d591e
[debug] [35m[ADB][39m Signer #1 certificate SHA-1 digest: b6ff0cfcab9b9e9fd2f60dd4d36b27e831c865d6
[debug] [35m[ADB][39m Signer #1 certificate MD5 digest: 33eda329feb0463b3531dc507c85d9ae
[debug] [35m[ADB][39m 
[35m[ADB][39m '/home/zeufack/programing/javascript/tello-automation/assets/app/app-debug.apk' is signed with a non-default certificate
[debug] [35m[ADB][39m Getting install status for com.bazzptt.bazz_flutter
[debug] [35m[ADB][39m Running '/home/zeufack/Android/Sdk/platform-tools/adb -P 5037 -s 26719008c51c7ece shell dumpsys package com.bazzptt.bazz_flutter'
[debug] [35m[ADB][39m 'com.bazzptt.bazz_flutter' is installed
[debug] [35m[ADB][39m Getting package info for 'com.bazzptt.bazz_flutter'
[debug] [35m[ADB][39m Running '/home/zeufack/Android/Sdk/platform-tools/adb -P 5037 -s 26719008c51c7ece shell dumpsys package com.bazzptt.bazz_flutter'
[debug] [35m[ADB][39m The version name of the installed 'com.bazzptt.bazz_flutter' is greater or equal to the application version name ('1.5.3' >= '1.5.3')
[debug] [35m[ADB][39m There is no need to install/upgrade '/home/zeufack/programing/javascript/tello-automation/assets/app/app-debug.apk'
[35m[AndroidDriver][39m Performing fast reset on 'com.bazzptt.bazz_flutter'
[debug] [35m[ADB][39m Getting install status for com.bazzptt.bazz_flutter
[debug] [35m[ADB][39m Running '/home/zeufack/Android/Sdk/platform-tools/adb -P 5037 -s 26719008c51c7ece shell dumpsys package com.bazzptt.bazz_flutter'
[debug] [35m[ADB][39m 'com.bazzptt.bazz_flutter' is installed
[debug] [35m[ADB][39m Running '/home/zeufack/Android/Sdk/platform-tools/adb -P 5037 -s 26719008c51c7ece shell am force-stop com.bazzptt.bazz_flutter'
[debug] [35m[ADB][39m Running '/home/zeufack/Android/Sdk/platform-tools/adb -P 5037 -s 26719008c51c7ece shell pm clear com.bazzptt.bazz_flutter'
[debug] [35m[ADB][39m Running '/home/zeufack/Android/Sdk/platform-tools/adb -P 5037 -s 26719008c51c7ece shell dumpsys package com.bazzptt.bazz_flutter'
[debug] [35m[ADB][39m Retrieving requested permissions
[debug] [35m[ADB][39m Retrieved 35 permissions from requested group
[debug] [35m[ADB][39m Retrieving granted permissions
[debug] [35m[ADB][39m Retrieved 16 permissions from install,runtime groups
[debug] [35m[ADB][39m Granting permissions ["android.permission.WRITE_SETTINGS","android.permission.REAL_GET_TASKS","android.permission.CAMERA","android.permission.RECORD_AUDIO","android.permission.CAPTURE_AUDIO_OUTPUT","android.permission.ACCESS_FINE_LOCATION","android.permission.ACCESS_COARSE_LOCATION","android.permission.ACCESS_BACKGROUND_LOCATION","android.permission.READ_PHONE_STATE","android.permission.READ_EXTERNAL_STORAGE","android.permission.WRITE_EXTERNAL_STORAGE","android.permission.READ_SMS","android.permission.QUERY_ALL_PACKAGES","android.permission.DEVICE_POWER","android.permission.MANAGE_DEVICE_ADMINS","android.permission.REQUEST_INSTALL_PACKAGES","android.permission.ACTIVITY_RECOGNITION","android.permission.SHUTDOWN","android.permission.READ_PRIVILEGED_PHONE_STATE"] to 'com.bazzptt.bazz_flutter'
[debug] [35m[ADB][39m Got the following command chunks to execute: [["pm","grant","com.bazzptt.bazz_flutter","android.permission.WRITE_SETTINGS",";","pm","grant","com.bazzptt.bazz_flutter","android.permission.REAL_GET_TASKS",";","pm","grant","com.bazzptt.bazz_flutter","android.permission.CAMERA",";","pm","grant","com.bazzptt.bazz_flutter","android.permission.RECORD_AUDIO",";","pm","grant","com.bazzptt.bazz_flutter","android.permission.CAPTURE_AUDIO_OUTPUT",";","pm","grant","com.bazzptt.bazz_flutter","android.permission.ACCESS_FINE_LOCATION",";","pm","grant","com.bazzptt.bazz_flutter","android.permission.ACCESS_COARSE_LOCATION",";","pm","grant","com.bazzptt.bazz_flutter","android.permission.ACCESS_BACKGROUND_LOCATION",";","pm","grant","com.bazzptt.bazz_flutter","android.permission.READ_PHONE_STATE",";","pm","grant","com.bazzptt.bazz_flutter","android.permission.READ_EXTERNAL_STORAGE",";","pm","grant","com.bazzptt.bazz_flutter","android.permission.WRITE_EXTERNAL_STORAGE",";","pm","grant","com.bazzptt.bazz_flutter","android.permission.READ_SMS",";","pm","grant","com.bazzptt.bazz_flutter","android.permission.QUERY_ALL_PACKAGES",";"],["pm","grant","com.bazzptt.bazz_flutter","android.permission.DEVICE_POWER",";","pm","grant","com.bazzptt.bazz_flutter","android.permission.MANAGE_DEVICE_ADMINS",";","pm","grant","com.bazzptt.bazz_flutter","android.permission.REQUEST_INSTALL_PACKAGES",";","pm","grant","com.bazzptt.bazz_flutter","android.permission.ACTIVITY_RECOGNITION",";","pm","grant","com.bazzptt.bazz_flutter","android.permission.SHUTDOWN",";","pm","grant","com.bazzptt.bazz_flutter","android.permission.READ_PRIVILEGED_PHONE_STATE",";"]]
[debug] [35m[ADB][39m Running '/home/zeufack/Android/Sdk/platform-tools/adb -P 5037 -s 26719008c51c7ece shell pm grant com.bazzptt.bazz_flutter android.permission.WRITE_SETTINGS ; pm grant com.bazzptt.bazz_flutter android.permission.REAL_GET_TASKS ; pm grant com.bazzptt.bazz_flutter android.permission.CAMERA ; pm grant com.bazzptt.bazz_flutter android.permission.RECORD_AUDIO ; pm grant com.bazzptt.bazz_flutter android.permission.CAPTURE_AUDIO_OUTPUT ; pm grant com.bazzptt.bazz_flutter android.permission.ACCESS_FINE_LOCATION ; pm grant com.bazzptt.bazz_flutter android.permission.ACCESS_COARSE_LOCATION ; pm grant com.bazzptt.bazz_flutter android.permission.ACCESS_BACKGROUND_LOCATION ; pm grant com.bazzptt.bazz_flutter android.permission.READ_PHONE_STATE ; pm grant com.bazzptt.bazz_flutter android.permission.READ_EXTERNAL_STORAGE ; pm grant com.bazzptt.bazz_flutter android.permission.WRITE_EXTERNAL_STORAGE ; pm grant com.bazzptt.bazz_flutter android.permission.READ_SMS ; pm grant com.bazzptt.bazz_flutter android.permission.QUERY_ALL_PACKAGES ;'
[debug] [35m[ADB][39m Running '/home/zeufack/Android/Sdk/platform-tools/adb -P 5037 -s 26719008c51c7ece shell pm grant com.bazzptt.bazz_flutter android.permission.DEVICE_POWER ; pm grant com.bazzptt.bazz_flutter android.permission.MANAGE_DEVICE_ADMINS ; pm grant com.bazzptt.bazz_flutter android.permission.REQUEST_INSTALL_PACKAGES ; pm grant com.bazzptt.bazz_flutter android.permission.ACTIVITY_RECOGNITION ; pm grant com.bazzptt.bazz_flutter android.permission.SHUTDOWN ; pm grant com.bazzptt.bazz_flutter android.permission.READ_PRIVILEGED_PHONE_STATE ;'
[debug] [35m[AndroidDriver][39m Performed fast reset on the installed 'com.bazzptt.bazz_flutter' application (stop and clear)
[debug] [35m[AndroidUiautomator2Driver@9368 (4e25503b)][39m Performing shallow cleanup of automation leftovers
[debug] [35m[AndroidUiautomator2Driver@9368 (4e25503b)][39m No obsolete sessions have been detected (socket hang up)
[debug] [35m[ADB][39m Running '/home/zeufack/Android/Sdk/platform-tools/adb -P 5037 -s 26719008c51c7ece shell am force-stop io.appium.uiautomator2.server.test'
[35m[AndroidUiautomator2Driver@9368 (4e25503b)][39m Starting UIAutomator2 server 5.7.0
[35m[AndroidUiautomator2Driver@9368 (4e25503b)][39m Using UIAutomator2 server from '/home/zeufack/.appium/node_modules/appium-flutter-driver/node_modules/appium-uiautomator2-driver/node_modules/appium-uiautomator2-server/apks/appium-uiautomator2-server-v5.7.0.apk' and test from '/home/zeufack/.appium/node_modules/appium-flutter-driver/node_modules/appium-uiautomator2-driver/node_modules/appium-uiautomator2-server/apks/appium-uiautomator2-server-debug-androidTest.apk'
[35m[AndroidUiautomator2Driver@9368 (4e25503b)][39m Waiting up to 30000ms for UiAutomator2 to be online...
[debug] [35m[ADB][39m Creating ADB subprocess with args: ["-P",5037,"-s","26719008c51c7ece","shell","am","instrument","-w","-e","disableAnalytics",true,"io.appium.uiautomator2.server.test/androidx.test.runner.AndroidJUnitRunner"]
[debug] [35m[AndroidUiautomator2Driver@9368 (4e25503b)][39m Matched '/status' to command name 'getStatus'
[debug] [35m[AndroidUiautomator2Driver@9368 (4e25503b)][39m Proxying [GET /status] to [GET http://127.0.0.1:8200/status] with no body
[35m[AndroidUiautomator2Driver@9368 (4e25503b)][39m socket hang up
[debug] [35m[AndroidUiautomator2Driver@9368 (4e25503b)][39m Matched '/status' to command name 'getStatus'
[debug] [35m[AndroidUiautomator2Driver@9368 (4e25503b)][39m Proxying [GET /status] to [GET http://127.0.0.1:8200/status] with no body
[35m[AndroidUiautomator2Driver@9368 (4e25503b)][39m socket hang up
[debug] [35m[Instrumentation][39m io.appium.uiautomator2.server.test.AppiumUiAutomator2Server:
[debug] [35m[AndroidUiautomator2Driver@9368 (4e25503b)][39m Matched '/status' to command name 'getStatus'
[debug] [35m[AndroidUiautomator2Driver@9368 (4e25503b)][39m Proxying [GET /status] to [GET http://127.0.0.1:8200/status] with no body
[35m[AndroidUiautomator2Driver@9368 (4e25503b)][39m socket hang up
[debug] [35m[AndroidUiautomator2Driver@9368 (4e25503b)][39m Matched '/status' to command name 'getStatus'
[debug] [35m[AndroidUiautomator2Driver@9368 (4e25503b)][39m Proxying [GET /status] to [GET http://127.0.0.1:8200/status] with no body
[debug] [35m[AndroidUiautomator2Driver@9368 (4e25503b)][39m Got response with status 200: {"sessionId":"None","value":{"message":"UiAutomator2 Server is ready to accept commands","ready":true}}
[debug] [35m[AndroidUiautomator2Driver@9368 (4e25503b)][39m The initialization of the instrumentation process took 3203ms
[debug] [35m[AndroidUiautomator2Driver@9368 (4e25503b)][39m Matched '/session' to command name 'createSession'
[debug] [35m[AndroidUiautomator2Driver@9368 (4e25503b)][39m Proxying [POST /session] to [POST http://127.0.0.1:8200/session] with body: {"capabilities":{"firstMatch":[{"platform":"LINUX","webStorageEnabled":false,"takesScreenshot":true,"javascriptEnabled":true,"databaseEnabled":false,"networkConnectionEnabled":true,"locationContextEnabled":false,"warnings":{},"desired":{"platformName":"Android","autoGrantPermissions":true,"deviceName":"26719008c51c7ece","platformVersion":"10","orientation":"PORTRAIT","automationName":"Flutter","app":"/home/zeufack/programing/javascript/tello-automation/assets/app/app-debug.apk","appActivity":"com.bazzptt.bazz_flutter.MainActivity","appPackage":"com.bazzptt.bazz_flutter","newCommandTimeout":240},"platformName":"Android","autoGrantPermissions":true,"deviceName":"26719008c51c7ece","platformVersion":"10","orientation":"PORTRAIT","automationName":"Flutter","app":"/home/zeufack/programing/javascript/tello-automation/assets/app/app-debug.apk","appActivity":"com.bazzptt.bazz_flutter.MainActivity","appPackage":"com.bazzptt.bazz_flutter","newCommandTimeout":240,"deviceUDID":"26719008c51c7ece"}],"alwaysMatch":{}}}
[debug] [35m[AndroidUiautomator2Driver@9368 (4e25503b)][39m Got response with status 200: {"sessionId":"c7a2d819-8751-43da-ba8a-7f08e4daa40b","value":{"capabilities":{"firstMatch":[{"platform":"LINUX","webStorageEnabled":false,"takesScreenshot":true,"javascriptEnabled":true,"databaseEnabled":false,"networkConnectionEnabled":true,"locationContextEnabled":false,"warnings":{},"desired":{"platformName":"Android","autoGrantPermissions":true,"deviceName":"26719008c51c7ece","platformVersion":"10","orientation":"PORTRAIT","automationName":"Flutter","app":"/home/zeufack/programing/javascript/tello-automation/assets/app/app-debug.apk","appActivity":"com.bazzptt.bazz_flutter.MainActivity","appPackage":"com.bazzptt.bazz_flutter","newCommandTimeout":240},"platformName":"Android","autoGrantPermissions":true,"deviceName":"26719008c51c7ece","platformVersion":"10","orientation":"PORTRAIT","automationName":"Flutter","app":"/home/zeufack/programing/javascript/tello-automation/assets/app/app-debug.apk","appActivity":"com.bazzptt.bazz_flutter.MainActivity","appPackage":"com.bazzptt.bazz_flutter","newCommandTimeout"...
[35m[AndroidUiautomator2Driver@9368 (4e25503b)][39m Determined the downstream protocol as 'W3C'
[debug] [35m[AndroidUiautomator2Driver@9368 (4e25503b)][39m Proxying [GET /appium/device/info] to [GET http://127.0.0.1:8200/session/c7a2d819-8751-43da-ba8a-7f08e4daa40b/appium/device/info] with no body
[debug] [35m[AndroidUiautomator2Driver@9368 (4e25503b)][39m Got response with status 200: {"sessionId":"c7a2d819-8751-43da-ba8a-7f08e4daa40b","value":{"androidId":"38cf13dcbf0411e4","apiVersion":"29","bluetooth":{"state":"ON"},"brand":"samsung","carrierName":"Bouygues Telecom","displayDensity":420,"locale":"en_US","manufacturer":"samsung","model":"SM-N960U","networks":[{"capabilities":{"SSID":null,"linkDownBandwidthKbps":30000,"linkUpstreamBandwidthKbps":15000,"networkCapabilities":"NET_CAPABILITY_IMS,NET_CAPABILITY_NOT_METERED,NET_CAPABILITY_TRUSTED,NET_CAPABILITY_NOT_VPN,NET_CAPABILITY_VALIDATED,NET_CAPABILITY_NOT_ROAMING,NET_CAPABILITY_FOREGROUND,NET_CAPABILITY_NOT_CONGESTED,NET_CAPABILITY_NOT_SUSPENDED","signalStrength":-2147483648,"transportTypes":"TRANSPORT_CELLULAR"},"detailedState":"CONNECTED","extraInfo":"ims","isAvailable":true,"isConnected":true,"isFailover":false,"isRoaming":false,"state":"CONNECTED","subtype":13,"subtypeName":"LTE","type":0,"typeName":"MOBILE"},{"capabilities":{"SSID":null,"linkDownBandwidthKbps":1048576,"linkUpstreamBandwidthKbps":1048576,"networkCapabilities":"NE...
[debug] [35m[ADB][39m Running '/home/zeufack/Android/Sdk/platform-tools/adb -P 5037 -s 26719008c51c7ece shell dumpsys window'
[35m[AndroidDriver][39m Screen already unlocked, doing nothing
[35m[AndroidUiautomator2Driver@9368 (4e25503b)][39m Starting 'com.bazzptt.bazz_flutter/com.bazzptt.bazz_flutter.MainActivity and waiting for 'com.bazzptt.bazz_flutter/com.bazzptt.bazz_flutter.MainActivity'
[debug] [35m[ADB][39m Running '/home/zeufack/Android/Sdk/platform-tools/adb -P 5037 -s 26719008c51c7ece shell am start -W -n com.bazzptt.bazz_flutter/com.bazzptt.bazz_flutter.MainActivity -S -a android.intent.action.MAIN -c android.intent.category.LAUNCHER -f 0x10200000'
[debug] [35m[AndroidUiautomator2Driver@9368 (4e25503b)][39m Setting initial orientation to 'PORTRAIT'
[debug] [35m[AndroidUiautomator2Driver@9368 (4e25503b)][39m Matched '/orientation' to command name 'setOrientation'
[debug] [35m[AndroidUiautomator2Driver@9368 (4e25503b)][39m Proxying [POST /orientation] to [POST http://127.0.0.1:8200/session/c7a2d819-8751-43da-ba8a-7f08e4daa40b/orientation] with body: {"orientation":"PORTRAIT"}
[debug] [35m[AndroidUiautomator2Driver@9368 (4e25503b)][39m Got response with status 200: {"sessionId":"c7a2d819-8751-43da-ba8a-7f08e4daa40b","value":"PORTRAIT"}
[debug] [35m[AndroidUiautomator2Driver@9368 (4e25503b)][39m Proxying [GET /appium/device/pixel_ratio] to [GET http://127.0.0.1:8200/session/c7a2d819-8751-43da-ba8a-7f08e4daa40b/appium/device/pixel_ratio] with no body
[debug] [35m[AndroidUiautomator2Driver@9368 (4e25503b)][39m Got response with status 200: {"sessionId":"c7a2d819-8751-43da-ba8a-7f08e4daa40b","value":2.625}
[debug] [35m[AndroidUiautomator2Driver@9368 (4e25503b)][39m Matched '/appium/device/system_bars' to command name 'getSystemBars'
[debug] [35m[AndroidUiautomator2Driver@9368 (4e25503b)][39m Proxying [GET /appium/device/system_bars] to [GET http://127.0.0.1:8200/session/c7a2d819-8751-43da-ba8a-7f08e4daa40b/appium/device/system_bars] with no body
[debug] [35m[AndroidUiautomator2Driver@9368 (4e25503b)][39m Got response with status 200: {"sessionId":"c7a2d819-8751-43da-ba8a-7f08e4daa40b","value":{"statusBar":63}}
[debug] [35m[AndroidUiautomator2Driver@9368 (4e25503b)][39m Matched '/window/current/size' to command name 'getWindowSize'
[debug] [35m[AndroidUiautomator2Driver@9368 (4e25503b)][39m Proxying [GET /window/current/size] to [GET http://127.0.0.1:8200/session/c7a2d819-8751-43da-ba8a-7f08e4daa40b/window/current/size] with no body
[debug] [35m[AndroidUiautomator2Driver@9368 (4e25503b)][39m Got response with status 200: {"sessionId":"c7a2d819-8751-43da-ba8a-7f08e4daa40b","value":{"height":2094,"width":1080}}
[35m[FlutterDriver][39m Attempt #1
[35m[ADB][39m Found 4 'build-tools' folders under '/home/zeufack/Android/Sdk' (newest first):
[35m[ADB][39m     /home/zeufack/Android/Sdk/build-tools/32.1.0-rc1
[35m[ADB][39m     /home/zeufack/Android/Sdk/build-tools/32.0.0
[35m[ADB][39m     /home/zeufack/Android/Sdk/build-tools/30.0.3
[35m[ADB][39m     /home/zeufack/Android/Sdk/build-tools/29.0.2
[35m[ADB][39m Using 'adb' from '/home/zeufack/Android/Sdk/platform-tools/adb'
[debug] [35m[ADB][39m Running '/home/zeufack/Android/Sdk/platform-tools/adb -P 5037 start-server'
[35m[AndroidDriver][39m Retrieving device list
[debug] [35m[ADB][39m Trying to find a connected android device
[debug] [35m[ADB][39m Getting connected devices
[debug] [35m[ADB][39m Connected devices: [{"udid":"26719008c51c7ece","state":"device"}]
[35m[AndroidDriver][39m Looking for a device with Android '10.0.0'
[debug] [35m[ADB][39m Setting device id to 26719008c51c7ece
[35m[ADB][39m Getting device platform version
[debug] [35m[ADB][39m Running '/home/zeufack/Android/Sdk/platform-tools/adb -P 5037 -s 26719008c51c7ece shell getprop ro.build.version.release'
[debug] [35m[ADB][39m Current device property 'ro.build.version.release': 10
[35m[AndroidDriver][39m Using device: 26719008c51c7ece
[debug] [35m[FlutterDriver][39m /home/zeufack/Android/Sdk/platform-tools/adb -s 26719008c51c7ece forward tcp:35379 tcp:35379
[35m[FlutterDriver][39m Connecting to Dart Observatory: ws://127.0.0.1:35379/HZO3U86IHn8=/ws
[35m[FlutterDriver][39m Connecting to ws://127.0.0.1:35379/HZO3U86IHn8=/ws
[35m[FlutterDriver][39m Listing all isolates: [{"type":"@Isolate","id":"isolates/4093416486787207","name":"main","number":"4093416486787207","isSystemIsolate":false}]
[35m[AppiumDriver@04ec][39m New FlutterDriver session created successfully, session a376a288-4c08-40e0-a4e1-262c4116ddca added to master session list
[debug] [35m[AppiumDriver@04ec][39m Event 'newSessionStarted' logged at 1665561412627 (09:56:52 GMT+0200 (Central European Summer Time))
[debug] [35m[FlutterDriver@1bcc (a376a288)][39m Cached the protocol value 'W3C' for the new session a376a288-4c08-40e0-a4e1-262c4116ddca
[debug] [35m[FlutterDriver@1bcc (a376a288)][39m Responding to client with driver.createSession() result: {"capabilities":{"subcommand":"server","address":"0.0.0.0","basePath":"/","port":4723,"extraArgs":[],"allowCors":false,"allowInsecure":[],"callbackPort":4723,"debugLogSpacing":false,"denyInsecure":[],"keepAliveTimeout":600,"localTimezone":false,"loglevel":"debug","logNoColors":false,"logTimestamp":false,"longStacktrace":false,"noPermsCheck":false,"relaxedSecurityEnabled":false,"sessionOverride":false,"strictCaps":false,"useDrivers":[],"usePlugins":[],"tmpDir":"/tmp","platformName":"Android","autoGrantPermissions":"true","deviceName":"26719008c51c7ece","platformVersion":"10","orientation":"PORTRAIT","automationName":"Flutter","app":"/home/zeufack/programing/javascript/tello-automation/assets/app/app-debug.apk","appActivity":"com.bazzptt.bazz_flutter.MainActivity","appPackage":"com.bazzptt.bazz_flutter","newCommandTimeout":240,"fastReset":true,"skipUninstall":true}}
[35m[HTTP][39m [37m<-- POST /session [39m[32m200[39m [90m15553 ms - 937[39m
[35m[HTTP][39m [90m[39m
[35m[HTTP][39m [37m-->[39m [37mDELETE[39m [37m/session/a376a288-4c08-40e0-a4e1-262c4116ddca[39m
[35m[HTTP][39m [90m{}[39m
[debug] [35m[FlutterDriver@1bcc (a376a288)][39m Calling AppiumDriver.deleteSession() with args: ["a376a288-4c08-40e0-a4e1-262c4116ddca"]
[debug] [35m[AppiumDriver@04ec][39m Event 'quitSessionRequested' logged at 1665561412797 (09:56:52 GMT+0200 (Central European Summer Time))
[35m[AppiumDriver@04ec][39m Removing session a376a288-4c08-40e0-a4e1-262c4116ddca from our master session list
[debug] [35m[FlutterDriver][39m Deleting Flutter Driver session
[debug] [35m[AndroidUiautomator2Driver@9368 (4e25503b)][39m Deleting UiAutomator2 session
[debug] [35m[AndroidUiautomator2Driver@9368 (4e25503b)][39m Deleting UiAutomator2 server session
[debug] [35m[AndroidUiautomator2Driver@9368 (4e25503b)][39m Matched '/' to command name 'deleteSession'
[debug] [35m[AndroidUiautomator2Driver@9368 (4e25503b)][39m Proxying [DELETE /] to [DELETE http://127.0.0.1:8200/session/c7a2d819-8751-43da-ba8a-7f08e4daa40b] with no body
[35m[HTTP][39m [37m<-- DELETE /session/a376a288-4c08-40e0-a4e1-262c4116ddca [39m[32m-[39m [90m- ms - -[39m
[35m[HTTP][39m [90m[39m
[35m[Appium][39m Received SIGTERM - shutting down
[debug] [35m[AppiumDriver@04ec][39m There are no active sessions for cleanup
[35m[HTTP][39m Waiting until the server is closed
[35m[HTTP][39m Received server close event
